Vivado Simulator 2018.2
Copyright 1986-1999, 2001-2018 Xilinx, Inc. All Rights Reserved.
Running: D:/Vivado/2018.2/bin/unwrapped/win64.o/xelab.exe -wto b603c0a0f3954d50a629bf010eabea3f --incr --debug typical --relax --mt 2 -L xil_defaultlib -L secureip --snapshot nanoprocessor_sim_behav xil_defaultlib.nanoprocessor_sim -log elaborate.log 
Using 2 slave threads.
Starting static elaboration
Completed static elaboration
Starting simulation data flow analysis
Completed simulation data flow analysis
Time Resolution for simulation is 1ps
Compiling package std.standard
Compiling package std.textio
Compiling package ieee.std_logic_1164
Compiling package ieee.numeric_std
Compiling architecture behavioral of entity xil_defaultlib.ProgramROM [programrom_default]
Compiling architecture behavioral of entity xil_defaultlib.Decoder_2_to_4 [decoder_2_to_4_default]
Compiling architecture behavioral of entity xil_defaultlib.Instruction_decoder [instruction_decoder_default]
Compiling architecture behavioral of entity xil_defaultlib.tri_state_buffer_3bit [tri_state_buffer_3bit_default]
Compiling architecture behavioral of entity xil_defaultlib.MUX_2_way_3bit [mux_2_way_3bit_default]
Compiling architecture behavioral of entity xil_defaultlib.tri_state_buffer_4bit [tri_state_buffer_4bit_default]
Compiling architecture behavioral of entity xil_defaultlib.MUX_2_way_4bit [mux_2_way_4bit_default]
Compiling architecture behavioral of entity xil_defaultlib.Decoder_3_to_8 [decoder_3_to_8_default]
Compiling architecture behavioral of entity xil_defaultlib.MUX_8_to_1 [mux_8_to_1_default]
Compiling architecture behavioral of entity xil_defaultlib.LUT_16_7 [lut_16_7_default]
Compiling architecture behavioral of entity xil_defaultlib.Display [display_default]
Compiling architecture behavioral of entity xil_defaultlib.HA [ha_default]
Compiling architecture behavioral of entity xil_defaultlib.FA [fa_default]
Compiling architecture behavioral of entity xil_defaultlib.RCA [rca_default]
Compiling architecture behavioral of entity xil_defaultlib.RCA3Bit [rca3bit_default]
Compiling architecture behavioral of entity xil_defaultlib.Decorder_2_4 [decorder_2_4_default]
Compiling architecture behavioral of entity xil_defaultlib.Decorder_3_8 [decorder_3_8_default]
Compiling architecture behavioral of entity xil_defaultlib.D_FF_Reg [d_ff_reg_default]
Compiling architecture behavioral of entity xil_defaultlib.Reg [reg_default]
Compiling architecture behavioral of entity xil_defaultlib.RegBank [regbank_default]
Compiling architecture behavioral of entity xil_defaultlib.D_FF_0 [d_ff_0_default]
Compiling architecture behavioral of entity xil_defaultlib.PC [pc_default]
Compiling architecture behavioral of entity xil_defaultlib.Slow_Clk [slow_clk_default]
Compiling architecture behavioral of entity xil_defaultlib.nanoprocessor [nanoprocessor_default]
Compiling architecture behavioral of entity xil_defaultlib.nanoprocessor_sim
Built simulation snapshot nanoprocessor_sim_behav
