#-----------------------------------------------------------
# Vivado v2018.1 (64-bit)
# SW Build 2188600 on Wed Apr  4 18:40:38 MDT 2018
# IP Build 2185939 on Wed Apr  4 20:55:05 MDT 2018
# Start of session at: Thu Apr 20 23:27:32 2023
# Process ID: 20720
# Current directory: D:/gayka/Documents/Semester 2/Computer Organization and Digital Design/Vivado/Labs/Lab 5
# Command line: vivado.exe -gui_launcher_event rodinguilauncherevent1544 D:\gayka\Documents\Semester 2\Computer Organization and Digital Design\Vivado\Labs\Lab 5\Lab 5.xpr
# Log file: D:/gayka/Documents/Semester 2/Computer Organization and Digital Design/Vivado/Labs/Lab 5/vivado.log
# Journal file: D:/gayka/Documents/Semester 2/Computer Organization and Digital Design/Vivado/Labs/Lab 5\vivado.jou
#-----------------------------------------------------------start_gui
oopen_project {D:/gayka/Documents/Semester 2/Computer Organization and Digital Design/Vivado/Labs/Lab 5/Lab 5.xpr}
INFO: [ProjectBase 1-489] The host OS only allows 260 characters in a normal path. The project is stored in a path with more than 80 characters. If you experience issues with IP, Block Designs, or files not being found, please consider moving the project to a location with a shorter path. Alternately consider using the OS subst command to map part of the path to a drive letter.
Current project path is 'D:/gayka/Documents/Semester 2/Computer Organization and Digital Design/Vivado/Labs/Lab 5'IScanning sources...
Finished scanning sources
INFO: [IP_Flow 19-234] Refreshing IP repositories
INFO: [IP_Flow 19-1704] No user IP repositories specified
INFO: [IP_Flow 19-2313] Loaded Vivado IP repository 'D:/Xilinx/Vivado/2018.1/data/ip'.
open_project: Time (s): cpu = 00:00:11 ; elapsed = 00:00:14 . Memory (MB): peak = 863.633 ; gain = 113.566
update_compile_order -fileset sources_1
exit
INFO: [Common 17-206] Exiting Vivado at Thu Apr 20 23:28:37 2023...
le_order -fileset sources_1
launch_simulation
INFO: [Vivado 12-5682] Launching behavioral simulation in 'D:/gayka/Documents/Semester 2/Computer Organization and Digital Design/Vivado/Labs/Lab 5/Lab 5.sim/sim_1/behav/xsim'
INFO: [SIM-utils-51] Simulation object is 'sim_1'
INFO: [SIM-utils-54] Inspecting design source files for 'Counter_Sim' in fileset 'sim_1'...
INFO: [USF-XSim-97] Finding global include files...
INFO: [USF-XSim-98] Fetching design files from 'sim_1'...
INFO: [USF-XSim-2] XSim::Compile design
INFO: [USF-XSim-61] Executing 'COMPILE and ANALYZE' step in 'D:/gayka/Documents/Semester 2/Computer Organization and Digital Design/Vivado/Labs/Lab 5/Lab 5.sim/sim_1/behav/xsim'
"xvhdl --incr --relax -prj Counter_Sim_vhdl.prj"
INFO: [VRFC 10-163] Analyzing VHDL file "D:/gayka/Documents/Semester 2/Computer Organization and Digital Design/Vivado/Labs/Lab 5/Lab 5.srcs/sources_1/new/Conter.vhd" into library xil_defaultlib
INFO: [VRFC 10-307] analyzing entity Conter
INFO: [VRFC 10-163] Analyzing VHDL file "D:/gayka/Documents/Semester 2/Computer Organization and Digital Design/Vivado/Labs/Lab 5/Lab 5.srcs/sources_1/new/D_FF.vhd" into library xil_defaultlib
INFO: [VRFC 10-307] analyzing entity D_FF
INFO: [VRFC 10-163] Analyzing VHDL file "D:/gayka/Documents/Semester 2/Computer Organization and Digital Design/Vivado/Labs/Lab 5/Lab 5.srcs/sources_1/new/Slow_Clk.vhd" into library xil_defaultlib
INFO: [VRFC 10-307] analyzing entity Slow_Clk
INFO: [VRFC 10-163] Analyzing VHDL file "D:/gayka/Documents/Semester 2/Computer Organization and Digital Design/Vivado/Labs/Lab 5/Lab 5.srcs/sim_1/new/Counter_Sim.vhd" into library xil_defaultlib
INFO: [VRFC 10-307] analyzing entity Counter_Sim
run_program: Time (s): cpu = 00:00:00 ; elapsed = 00:00:06 . Memory (MB): peak = 904.172 ; gain = 0.000
INFO: [USF-XSim-69] 'compile' step finished in '6' seconds
INFO: [USF-XSim-3] XSim::Elaborate design
INFO: [USF-XSim-61] Executing 'ELABORATE' step in 'D:/gayka/Documents/Semester 2/Computer Organization and Digital Design/Vivado/Labs/Lab 5/Lab 5.sim/sim_1/behav/xsim'
Vivado Simulator 2018.1
Copyright 1986-1999, 2001-2017 Xilinx, Inc. All Rights Reserved.
Running: D:/Xilinx/Vivado/2018.1/bin/unwrapped/win64.o/xelab.exe -wto b847c87c89b745e494e8d694d8d6048f --incr --debug typical --relax --mt 2 -L xil_defaultlib -L secureip --snapshot Counter_Sim_behav xil_defaultlib.Counter_Sim -log elaborate.log 
Using 2 slave threads.
Starting static elaboration
Completed static elaboration
Starting simulation data flow analysis
Completed simulation data flow analysis
Time Resolution for simulation is 1ps
Compiling package std.standard
Compiling package std.textio
Compiling package ieee.std_logic_1164
Compiling architecture behavioral of entity xil_defaultlib.Slow_Clk [slow_clk_default]
Compiling architecture behavioral of entity xil_defaultlib.D_FF [d_ff_default]
Compiling architecture behavioral of entity xil_defaultlib.Conter [conter_default]
Compiling architecture behavioral of entity xil_defaultlib.counter_sim
Built simulation snapshot Counter_Sim_behav

****** Webtalk v2018.1 (64-bit)
  **** SW Build 2188600 on Wed Apr  4 18:40:38 MDT 2018
  **** IP Build 2185939 on Wed Apr  4 20:55:05 MDT 2018
    ** Copyright 1986-2018 Xilinx, Inc. All Rights Reserved.

source D:/gayka/Documents/Semester -notrace
couldn't read file "D:/gayka/Documents/Semester": no such file or directory
INFO: [Common 17-206] Exiting Webtalk at Thu Apr 20 23:29:12 2023...
run_program: Time (s): cpu = 00:00:01 ; elapsed = 00:00:10 . Memory (MB): peak = 904.172 ; gain = 0.000
INFO: [USF-XSim-69] 'elaborate' step finished in '10' seconds
INFO: [USF-XSim-4] XSim::Simulate design
INFO: [USF-XSim-61] Executing 'SIMULATE' step in 'D:/gayka/Documents/Semester 2/Computer Organization and Digital Design/Vivado/Labs/Lab 5/Lab 5.sim/sim_1/behav/xsim'
INFO: [USF-XSim-98] *** Running xsim
   with args "Counter_Sim_behav -key {Behavioral:sim_1:Functional:Counter_Sim} -tclbatch {Counter_Sim.tcl} -log {simulate.log}"
INFO: [USF-XSim-8] Loading simulator feature
Vivado Simulator 2018.1
Time resolution is 1 ps
source Counter_Sim.tcl
# set curr_wave [current_wave_config]
# if { [string length $curr_wave] == 0 } {
#   if { [llength [get_objects]] > 0} {
#     add_wave /
#     set_property needs_save false [current_wave_config]
#   } else {
#      send_msg_id Add_Wave-1 WARNING "No top level signals found. Simulator will start without a wave window. If you want to open a wave window go to 'File->New Waveform Configuration' or type 'create_wave_config' in the TCL console."
#   }
# }
# run 1000ns
INFO: [USF-XSim-96] XSim completed. Design snapshot 'Counter_Sim_behav' loaded.
INFO: [USF-XSim-97] XSim simulation ran for 1000ns
launch_simulation: Time (s): cpu = 00:00:03 ; elapsed = 00:00:22 . Memory (MB): peak = 907.469 ; gain = 3.297
close_sim
INFO: [Simtcl 6-16] Simulation closed
exit
INFO: [Common 17-206] Exiting Vivado at Thu Apr 20 23:31:07 2023...
