Vivado Simulator 2018.2
Copyright 1986-1999, 2001-2018 Xilinx, Inc. All Rights Reserved.
Running: D:/Vivado/Vivado/2018.2/bin/unwrapped/win64.o/xelab.exe -wto d2e345371f2f4caeb9ccec0b546d7c78 --incr --debug typical --relax --mt 2 -L xil_defaultlib -L secureip --snapshot AU_Sim_behav xil_defaultlib.AU_Sim -log elaborate.log 
Using 2 slave threads.
Starting static elaboration
Completed static elaboration
Starting simulation data flow analysis
Completed simulation data flow analysis
Time Resolution for simulation is 1ps
Compiling package std.standard
Compiling package std.textio
Compiling package ieee.std_logic_1164
Compiling architecture behavioral of entity xil_defaultlib.Slow_Clk [slow_clk_default]
Compiling architecture behavioral of entity xil_defaultlib.Reg [reg_default]
Compiling architecture behavioral of entity xil_defaultlib.HA [ha_default]
Compiling architecture behavioral of entity xil_defaultlib.FA [fa_default]
Compiling architecture behavioral of entity xil_defaultlib.RCA_4 [rca_4_default]
Compiling architecture behavioral of entity xil_defaultlib.AU [au_default]
Compiling architecture behavioral of entity xil_defaultlib.au_sim
Built simulation snapshot AU_Sim_behav
