#-----------------------------------------------------------
# Vivado v2018.2 (64-bit)
# SW Build 2258646 on Thu Jun 14 20:03:12 MDT 2018
# IP Build 2256618 on Thu Jun 14 22:10:49 MDT 2018
# Start of session at: Tue May 23 19:19:42 2023
# Process ID: 10752
# Current directory: D:/Labs/nanoprocessor_14_final/nanoprocessor_1
# Command line: vivado.exe -gui_launcher_event rodinguilauncherevent23768 D:\Labs\nanoprocessor_14_final\nanoprocessor_1\nanoprocessor_1.xpr
# Log file: D:/Labs/nanoprocessor_14_final/nanoprocessor_1/vivado.log
# Journal file: D:/Labs/nanoprocessor_14_final/nanoprocessor_1\vivado.jou
#-----------------------------------------------------------
start_gui
open_project D:/Labs/nanoprocessor_14_final/nanoprocessor_1/nanoprocessor_1.xpr
Scanning sources...
Finished scanning sources
INFO: [IP_Flow 19-234] Refreshing IP repositories
INFO: [IP_Flow 19-1704] No user IP repositories specified
INFO: [IP_Flow 19-2313] Loaded Vivado IP repository 'D:/Vivado/Vivado/2018.2/data/ip'.
update_compile_order -fileset sources_1
set_property top Slow_clock_sim [get_filesets sim_1]
set_property top_lib xil_defaultlib [get_filesets sim_1]
update_ip_catalog
WARNING: [filemgmt 56-199] Attempt to get parsing info during refresh. "On-the-fly" syntax checking information may be incorrect. [D:/Labs/nanoprocessor_14_final/nanoprocessor_1/nanoprocessor_1.srcs/sources_1/imports/sources_1/new/RCA3Bit.vhd:]
WARNING: [filemgmt 56-199] Attempt to get parsing info during refresh. "On-the-fly" syntax checking information may be incorrect. [D:/Labs/nanoprocessor_14_final/nanoprocessor_1/nanoprocessor_1.srcs/sources_1/imports/Downloads/RegisterBank/RegisterBank.srcs/sources_1/new/RegBank.vhd:]
WARNING: [filemgmt 56-199] Attempt to get parsing info during refresh. "On-the-fly" syntax checking information may be incorrect. [D:/Labs/nanoprocessor_14_final/nanoprocessor_1/nanoprocessor_1.srcs/sources_1/imports/Downloads/RegisterBank/RegisterBank.srcs/sources_1/imports/new/Slow_Clk.vhd:]
WARNING: [filemgmt 56-199] Attempt to get parsing info during refresh. "On-the-fly" syntax checking information may be incorrect. [D:/Labs/nanoprocessor_14_final/nanoprocessor_1/nanoprocessor_1.srcs/sim_1/new/Slow_clock_sim.vhd:]
WARNING: [filemgmt 56-199] Attempt to get parsing info during refresh. "On-the-fly" syntax checking information may be incorrect. [D:/Labs/nanoprocessor_14_final/nanoprocessor_1/nanoprocessor_1.srcs/sources_1/imports/new/RCA.vhd:]
WARNING: [filemgmt 56-199] Attempt to get parsing info during refresh. "On-the-fly" syntax checking information may be incorrect. [D:/Labs/nanoprocessor_14_final/nanoprocessor_1/nanoprocessor_1.srcs/sources_1/imports/Desktop/test4/test4.srcs/sources_1/new/Decorder_3_8.vhd:]
WARNING: [filemgmt 56-199] Attempt to get parsing info during refresh. "On-the-fly" syntax checking information may be incorrect. [D:/Labs/nanoprocessor_14_final/nanoprocessor_1/nanoprocessor_1.srcs/sources_1/imports/sources_1/new/RCA3Bit.vhd:]
WARNING: [filemgmt 56-199] Attempt to get parsing info during refresh. "On-the-fly" syntax checking information may be incorrect. [D:/Labs/nanoprocessor_14_final/nanoprocessor_1/nanoprocessor_1.srcs/sources_1/imports/Downloads/RegisterBank/RegisterBank.srcs/sources_1/new/RegBank.vhd:]
WARNING: [filemgmt 56-199] Attempt to get parsing info during refresh. "On-the-fly" syntax checking information may be incorrect. [D:/Labs/nanoprocessor_14_final/nanoprocessor_1/nanoprocessor_1.srcs/sources_1/imports/Downloads/RegisterBank/RegisterBank.srcs/sources_1/imports/new/Slow_Clk.vhd:]
WARNING: [filemgmt 56-199] Attempt to get parsing info during refresh. "On-the-fly" syntax checking information may be incorrect. [D:/Labs/nanoprocessor_14_final/nanoprocessor_1/nanoprocessor_1.srcs/sim_1/new/Slow_clock_sim.vhd:]
WARNING: [filemgmt 56-199] Attempt to get parsing info during refresh. "On-the-fly" syntax checking information may be incorrect. [D:/Labs/nanoprocessor_14_final/nanoprocessor_1/nanoprocessor_1.srcs/sources_1/imports/new/RCA.vhd:]
WARNING: [filemgmt 56-199] Attempt to get parsing info during refresh. "On-the-fly" syntax checking information may be incorrect. [D:/Labs/nanoprocessor_14_final/nanoprocessor_1/nanoprocessor_1.srcs/sources_1/imports/Desktop/test4/test4.srcs/sources_1/new/Decorder_3_8.vhd:]
WARNING: [filemgmt 56-199] Attempt to get parsing info during refresh. "On-the-fly" syntax checking information may be incorrect. [D:/Labs/nanoprocessor_14_final/nanoprocessor_1/nanoprocessor_1.srcs/sources_1/imports/sources_1/new/RCA3Bit.vhd:]
WARNING: [filemgmt 56-199] Attempt to get parsing info during refresh. "On-the-fly" syntax checking information may be incorrect. [D:/Labs/nanoprocessor_14_final/nanoprocessor_1/nanoprocessor_1.srcs/sources_1/imports/Downloads/RegisterBank/RegisterBank.srcs/sources_1/new/RegBank.vhd:]
WARNING: [filemgmt 56-199] Attempt to get parsing info during refresh. "On-the-fly" syntax checking information may be incorrect. [D:/Labs/nanoprocessor_14_final/nanoprocessor_1/nanoprocessor_1.srcs/sources_1/imports/Downloads/RegisterBank/RegisterBank.srcs/sources_1/imports/new/Slow_Clk.vhd:]
WARNING: [filemgmt 56-199] Attempt to get parsing info during refresh. "On-the-fly" syntax checking information may be incorrect. [D:/Labs/nanoprocessor_14_final/nanoprocessor_1/nanoprocessor_1.srcs/sim_1/new/Slow_clock_sim.vhd:]
WARNING: [filemgmt 56-199] Attempt to get parsing info during refresh. "On-the-fly" syntax checking information may be incorrect. [D:/Labs/nanoprocessor_14_final/nanoprocessor_1/nanoprocessor_1.srcs/sources_1/imports/new/RCA.vhd:]
WARNING: [filemgmt 56-199] Attempt to get parsing info during refresh. "On-the-fly" syntax checking information may be incorrect. [D:/Labs/nanoprocessor_14_final/nanoprocessor_1/nanoprocessor_1.srcs/sources_1/imports/Desktop/test4/test4.srcs/sources_1/new/Decorder_3_8.vhd:]
WARNING: [filemgmt 56-199] Attempt to get parsing info during refresh. "On-the-fly" syntax checking information may be incorrect. [D:/Labs/nanoprocessor_14_final/nanoprocessor_1/nanoprocessor_1.srcs/sources_1/imports/sources_1/new/RCA3Bit.vhd:]
WARNING: [filemgmt 56-199] Attempt to get parsing info during refresh. "On-the-fly" syntax checking information may be incorrect. [D:/Labs/nanoprocessor_14_final/nanoprocessor_1/nanoprocessor_1.srcs/sources_1/imports/Downloads/RegisterBank/RegisterBank.srcs/sources_1/new/RegBank.vhd:]
WARNING: [filemgmt 56-199] Attempt to get parsing info during refresh. "On-the-fly" syntax checking information may be incorrect. [D:/Labs/nanoprocessor_14_final/nanoprocessor_1/nanoprocessor_1.srcs/sources_1/imports/Downloads/RegisterBank/RegisterBank.srcs/sources_1/imports/new/Slow_Clk.vhd:]
WARNING: [filemgmt 56-199] Attempt to get parsing info during refresh. "On-the-fly" syntax checking information may be incorrect. [D:/Labs/nanoprocessor_14_final/nanoprocessor_1/nanoprocessor_1.srcs/sim_1/new/Slow_clock_sim.vhd:]
WARNING: [filemgmt 56-199] Attempt to get parsing info during refresh. "On-the-fly" syntax checking information may be incorrect. [D:/Labs/nanoprocessor_14_final/nanoprocessor_1/nanoprocessor_1.srcs/sources_1/imports/new/RCA.vhd:]
WARNING: [filemgmt 56-199] Attempt to get parsing info during refresh. "On-the-fly" syntax checking information may be incorrect. [D:/Labs/nanoprocessor_14_final/nanoprocessor_1/nanoprocessor_1.srcs/sources_1/imports/Desktop/test4/test4.srcs/sources_1/new/Decorder_3_8.vhd:]
WARNING: [filemgmt 56-199] Attempt to get parsing info during refresh. "On-the-fly" syntax checking information may be incorrect. [D:/Labs/nanoprocessor_14_final/nanoprocessor_1/nanoprocessor_1.srcs/sources_1/imports/sources_1/new/RCA3Bit.vhd:]
WARNING: [filemgmt 56-199] Attempt to get parsing info during refresh. "On-the-fly" syntax checking information may be incorrect. [D:/Labs/nanoprocessor_14_final/nanoprocessor_1/nanoprocessor_1.srcs/sources_1/imports/Downloads/RegisterBank/RegisterBank.srcs/sources_1/new/RegBank.vhd:]
WARNING: [filemgmt 56-199] Attempt to get parsing info during refresh. "On-the-fly" syntax checking information may be incorrect. [D:/Labs/nanoprocessor_14_final/nanoprocessor_1/nanoprocessor_1.srcs/sources_1/imports/Downloads/RegisterBank/RegisterBank.srcs/sources_1/imports/new/Slow_Clk.vhd:]
WARNING: [filemgmt 56-199] Attempt to get parsing info during refresh. "On-the-fly" syntax checking information may be incorrect. [D:/Labs/nanoprocessor_14_final/nanoprocessor_1/nanoprocessor_1.srcs/sim_1/new/Slow_clock_sim.vhd:]
WARNING: [filemgmt 56-199] Attempt to get parsing info during refresh. "On-the-fly" syntax checking information may be incorrect. [D:/Labs/nanoprocessor_14_final/nanoprocessor_1/nanoprocessor_1.srcs/sources_1/imports/new/RCA.vhd:]
WARNING: [filemgmt 56-199] Attempt to get parsing info during refresh. "On-the-fly" syntax checking information may be incorrect. [D:/Labs/nanoprocessor_14_final/nanoprocessor_1/nanoprocessor_1.srcs/sources_1/imports/Desktop/test4/test4.srcs/sources_1/new/Decorder_3_8.vhd:]
ERROR: [Common 17-180] Spawn failed: No error
update_ip_catalog
update_compile_order -fileset sim_1
launch_simulation
INFO: [Vivado 12-5682] Launching behavioral simulation in 'D:/Labs/nanoprocessor_14_final/nanoprocessor_1/nanoprocessor_1.sim/sim_1/behav/xsim'
INFO: [SIM-utils-51] Simulation object is 'sim_1'
INFO: [SIM-utils-54] Inspecting design source files for 'Slow_clock_sim' in fileset 'sim_1'...
INFO: [USF-XSim-97] Finding global include files...
INFO: [USF-XSim-98] Fetching design files from 'sim_1'...
INFO: [USF-XSim-2] XSim::Compile design
INFO: [USF-XSim-61] Executing 'COMPILE and ANALYZE' step in 'D:/Labs/nanoprocessor_14_final/nanoprocessor_1/nanoprocessor_1.sim/sim_1/behav/xsim'
"xvhdl --incr --relax -prj Slow_clock_sim_vhdl.prj"
INFO: [VRFC 10-163] Analyzing VHDL file "D:/Labs/nanoprocessor_14_final/nanoprocessor_1/nanoprocessor_1.srcs/sources_1/imports/Downloads/RegisterBank/RegisterBank.srcs/sources_1/imports/new/Slow_Clk.vhd" into library xil_defaultlib
INFO: [VRFC 10-307] analyzing entity Slow_Clk
INFO: [VRFC 10-163] Analyzing VHDL file "D:/Labs/nanoprocessor_14_final/nanoprocessor_1/nanoprocessor_1.srcs/sim_1/new/Slow_clock_sim.vhd" into library xil_defaultlib
INFO: [VRFC 10-307] analyzing entity Slow_clock_sim
run_program: Time (s): cpu = 00:00:00 ; elapsed = 00:00:07 . Memory (MB): peak = 1024.691 ; gain = 0.000
INFO: [USF-XSim-69] 'compile' step finished in '7' seconds
INFO: [USF-XSim-3] XSim::Elaborate design
INFO: [USF-XSim-61] Executing 'ELABORATE' step in 'D:/Labs/nanoprocessor_14_final/nanoprocessor_1/nanoprocessor_1.sim/sim_1/behav/xsim'
Vivado Simulator 2018.2
Copyright 1986-1999, 2001-2018 Xilinx, Inc. All Rights Reserved.
Running: D:/Vivado/Vivado/2018.2/bin/unwrapped/win64.o/xelab.exe -wto b603c0a0f3954d50a629bf010eabea3f --incr --debug typical --relax --mt 2 -L xil_defaultlib -L secureip --snapshot Slow_clock_sim_behav xil_defaultlib.Slow_clock_sim -log elaborate.log 
Using 2 slave threads.
Starting static elaboration
Completed static elaboration
Starting simulation data flow analysis
Completed simulation data flow analysis
Time Resolution for simulation is 1ps
Compiling package std.standard
Compiling package std.textio
Compiling package ieee.std_logic_1164
Compiling architecture behavioral of entity xil_defaultlib.Slow_Clk [slow_clk_default]
Compiling architecture behavioral of entity xil_defaultlib.slow_clock_sim
Built simulation snapshot Slow_clock_sim_behav

****** Webtalk v2018.2 (64-bit)
  **** SW Build 2258646 on Thu Jun 14 20:03:12 MDT 2018
  **** IP Build 2256618 on Thu Jun 14 22:10:49 MDT 2018
    ** Copyright 1986-2018 Xilinx, Inc. All Rights Reserved.

source D:/Labs/nanoprocessor_14_final/nanoprocessor_1/nanoprocessor_1.sim/sim_1/behav/xsim/xsim.dir/Slow_clock_sim_behav/webtalk/xsim_webtalk.tcl -notrace
INFO: [Common 17-206] Exiting Webtalk at Tue May 23 19:23:30 2023...
INFO: [USF-XSim-69] 'elaborate' step finished in '4' seconds
INFO: [USF-XSim-4] XSim::Simulate design
INFO: [USF-XSim-61] Executing 'SIMULATE' step in 'D:/Labs/nanoprocessor_14_final/nanoprocessor_1/nanoprocessor_1.sim/sim_1/behav/xsim'
INFO: [USF-XSim-98] *** Running xsim
   with args "Slow_clock_sim_behav -key {Behavioral:sim_1:Functional:Slow_clock_sim} -tclbatch {Slow_clock_sim.tcl} -log {simulate.log}"
INFO: [USF-XSim-8] Loading simulator feature
Vivado Simulator 2018.2
Time resolution is 1 ps
source Slow_clock_sim.tcl
# set curr_wave [current_wave_config]
# if { [string length $curr_wave] == 0 } {
#   if { [llength [get_objects]] > 0} {
#     add_wave /
#     set_property needs_save false [current_wave_config]
#   } else {
#      send_msg_id Add_Wave-1 WARNING "No top level signals found. Simulator will start without a wave window. If you want to open a wave window go to 'File->New Waveform Configuration' or type 'create_wave_config' in the TCL console."
#   }
# }
# run 1000ns
xsim: Time (s): cpu = 00:00:01 ; elapsed = 00:00:11 . Memory (MB): peak = 1024.691 ; gain = 0.000
INFO: [USF-XSim-96] XSim completed. Design snapshot 'Slow_clock_sim_behav' loaded.
INFO: [USF-XSim-97] XSim simulation ran for 1000ns
launch_simulation: Time (s): cpu = 00:00:02 ; elapsed = 00:00:23 . Memory (MB): peak = 1024.691 ; gain = 0.000
close_sim
INFO: [Simtcl 6-16] Simulation closed
launch_simulation
INFO: [Vivado 12-5682] Launching behavioral simulation in 'D:/Labs/nanoprocessor_14_final/nanoprocessor_1/nanoprocessor_1.sim/sim_1/behav/xsim'
INFO: [SIM-utils-51] Simulation object is 'sim_1'
INFO: [SIM-utils-54] Inspecting design source files for 'Slow_clock_sim' in fileset 'sim_1'...
INFO: [USF-XSim-97] Finding global include files...
INFO: [USF-XSim-98] Fetching design files from 'sim_1'...
INFO: [USF-XSim-2] XSim::Compile design
INFO: [USF-XSim-61] Executing 'COMPILE and ANALYZE' step in 'D:/Labs/nanoprocessor_14_final/nanoprocessor_1/nanoprocessor_1.sim/sim_1/behav/xsim'
"xvhdl --incr --relax -prj Slow_clock_sim_vhdl.prj"
INFO: [VRFC 10-163] Analyzing VHDL file "D:/Labs/nanoprocessor_14_final/nanoprocessor_1/nanoprocessor_1.srcs/sources_1/imports/Downloads/RegisterBank/RegisterBank.srcs/sources_1/imports/new/Slow_Clk.vhd" into library xil_defaultlib
INFO: [VRFC 10-307] analyzing entity Slow_Clk
INFO: [USF-XSim-69] 'compile' step finished in '2' seconds
INFO: [USF-XSim-3] XSim::Elaborate design
INFO: [USF-XSim-61] Executing 'ELABORATE' step in 'D:/Labs/nanoprocessor_14_final/nanoprocessor_1/nanoprocessor_1.sim/sim_1/behav/xsim'
Vivado Simulator 2018.2
Copyright 1986-1999, 2001-2018 Xilinx, Inc. All Rights Reserved.
Running: D:/Vivado/Vivado/2018.2/bin/unwrapped/win64.o/xelab.exe -wto b603c0a0f3954d50a629bf010eabea3f --incr --debug typical --relax --mt 2 -L xil_defaultlib -L secureip --snapshot Slow_clock_sim_behav xil_defaultlib.Slow_clock_sim -log elaborate.log 
Using 2 slave threads.
Starting static elaboration
Completed static elaboration
Starting simulation data flow analysis
Completed simulation data flow analysis
Time Resolution for simulation is 1ps
Compiling package std.standard
Compiling package std.textio
Compiling package ieee.std_logic_1164
Compiling architecture behavioral of entity xil_defaultlib.Slow_Clk [slow_clk_default]
Compiling architecture behavioral of entity xil_defaultlib.slow_clock_sim
Built simulation snapshot Slow_clock_sim_behav
INFO: [USF-XSim-69] 'elaborate' step finished in '1' seconds
INFO: [USF-XSim-4] XSim::Simulate design
INFO: [USF-XSim-61] Executing 'SIMULATE' step in 'D:/Labs/nanoprocessor_14_final/nanoprocessor_1/nanoprocessor_1.sim/sim_1/behav/xsim'
INFO: [USF-XSim-98] *** Running xsim
   with args "Slow_clock_sim_behav -key {Behavioral:sim_1:Functional:Slow_clock_sim} -tclbatch {Slow_clock_sim.tcl} -log {simulate.log}"
INFO: [USF-XSim-8] Loading simulator feature
Vivado Simulator 2018.2
Time resolution is 1 ps
source Slow_clock_sim.tcl
# set curr_wave [current_wave_config]
# if { [string length $curr_wave] == 0 } {
#   if { [llength [get_objects]] > 0} {
#     add_wave /
#     set_property needs_save false [current_wave_config]
#   } else {
#      send_msg_id Add_Wave-1 WARNING "No top level signals found. Simulator will start without a wave window. If you want to open a wave window go to 'File->New Waveform Configuration' or type 'create_wave_config' in the TCL console."
#   }
# }
# run 1000ns
INFO: [USF-XSim-96] XSim completed. Design snapshot 'Slow_clock_sim_behav' loaded.
INFO: [USF-XSim-97] XSim simulation ran for 1000ns
launch_simulation: Time (s): cpu = 00:00:01 ; elapsed = 00:00:10 . Memory (MB): peak = 1034.484 ; gain = 9.793
close_sim
INFO: [Simtcl 6-16] Simulation closed
exit
INFO: [Common 17-206] Exiting Vivado at Tue May 23 19:26:57 2023...
