#-----------------------------------------------------------
# Vivado v2018.2 (64-bit)
# SW Build 2258646 on Thu Jun 14 20:03:12 MDT 2018
# IP Build 2256618 on Thu Jun 14 22:10:49 MDT 2018
# Start of session at: Tue May 16 14:02:19 2023
# Process ID: 4828
# Current directory: D:/ACA Semester 2/CS1050-Computer_Organization_and_Digital_Design/Labs/nanoprocessor_14_final/nanoprocessor_1
# Command line: vivado.exe -gui_launcher_event rodinguilauncherevent27064 D:\ACA Semester 2\CS1050-Computer_Organization_and_Digital_Design\Labs\nanoprocessor_14_final\nanoprocessor_1\nanoprocessor_1.xpr
# Log file: D:/ACA Semester 2/CS1050-Computer_Organization_and_Digital_Design/Labs/nanoprocessor_14_final/nanoprocessor_1/vivado.log
# Journal file: D:/ACA Semester 2/CS1050-Computer_Organization_and_Digital_Design/Labs/nanoprocessor_14_final/nanoprocessor_1\vivado.jou
#-----------------------------------------------------------
start_gui
open_project {D:/ACA Semester 2/CS1050-Computer_Organization_and_Digital_Design/Labs/nanoprocessor_14_final/nanoprocessor_1/nanoprocessor_1.xpr}
INFO: [ProjectBase 1-489] The host OS only allows 260 characters in a normal path. The project is stored in a path with more than 80 characters. If you experience issues with IP, Block Designs, or files not being found, please consider moving the project to a location with a shorter path. Alternately consider using the OS subst command to map part of the path to a drive letter.
Current project path is 'D:/ACA Semester 2/CS1050-Computer_Organization_and_Digital_Design/Labs/nanoprocessor_14_final/nanoprocessor_1'
INFO: [Project 1-313] Project file moved from 'D:/campus/Semester 2/Digi/Labs/nanoprocessor_1' since last save.
Scanning sources...
Finished scanning sources
INFO: [IP_Flow 19-234] Refreshing IP repositories
INFO: [IP_Flow 19-1704] No user IP repositories specified
INFO: [IP_Flow 19-2313] Loaded Vivado IP repository 'D:/Vivado/Vivado/2018.2/data/ip'.
open_project: Time (s): cpu = 00:00:05 ; elapsed = 00:00:09 . Memory (MB): peak = 852.551 ; gain = 116.922
update_compile_order -fileset sources_1
exit
INFO: [Common 17-206] Exiting Vivado at Tue May 16 14:03:36 2023...
